[ Info: Retrieving 4DVar-feasibility
[ Info: Retrieving AboutPlatform
[ Info: Retrieving AboutTrac
[ Info: Retrieving Aerosol
[ Info: Retrieving C%2B%2BOOPSTraining201210
[ Info: Retrieving CamelCase
[ Info: Retrieving CARRA%20Reanalysis
[ Info: Retrieving CARRA%20Reanalysis/Snow_albedo_and_physiography_discussion_20180125
[ Info: Retrieving CARRA/CARRA.alpha.1
[ Info: Retrieving CARRA/CARRA.alpha.2
[ Info: Retrieving CARRA/CARRA_system
[ Info: Retrieving CARRA/validation_about_40h1.2
[ Info: Retrieving CARRA.beta.1
[ Info: Retrieving CARRA.beta.2
[ Info: Retrieving CARRAMeeting/StatusMeeting20171121
[ Info: Retrieving CARRA_production
[ Info: Retrieving CIS080424
[ Info: Retrieving CLOUDS2015
[ Info: Retrieving CLOUDS2016
[ Info: Retrieving CodeUpdate
[ Info: Retrieving CommentsSuggestions
[ Info: Retrieving CommunicationWithUsers
[ Info: Retrieving CompileHarmonie
[ Info: Retrieving DA/CIS
[ Info: Retrieving DA_methods_intercomparison_project
[ Info: Retrieving data_assimilation_plan
[ Info: Retrieving dataportal
[ Info: Retrieving dataportal/AEMET_HIRLAM
[ Info: Retrieving dataportal/data
[ Info: Retrieving dataportal/FCSTint
[ Info: Retrieving dataportal/Obsint
[ Info: Retrieving dataportal/Verint
[ Info: Retrieving DAWorkingWeek201209
[ Info: Retrieving DMI_HIRLAM
[ Info: Retrieving EcfsDirectoryTools
[ Info: Retrieving ECMWF-137lvl
[ Info: Retrieving EuMetChem
[ Info: Retrieving FeaturesImpacts7.0
[ Info: Retrieving File_Conv_Postp_Verif
[ Info: Retrieving FMI_RCR
[ Info: Retrieving FourtyLevel
[ Info: Retrieving GitShortTutorial
[ Info: Retrieving GLAMEPS_laboratory
[ Info: Retrieving GlamepsProductionUserInfo
[ Info: Retrieving GlamepsSpecialUserInfo
[ Info: Retrieving Glamepsv2ProductionUserInfo
[ Info: Retrieving Glamepsv2SpecialUserInfo
[ Info: Retrieving Glamepsv3ProductionUserInfo
[ Info: Retrieving Gmkpack_vs_Make
[ Info: Retrieving GRIB2
[ Info: Retrieving Harmonie_31h1
[ Info: Retrieving Harmonie_32h2
[ Info: Retrieving Harmonie_32h3
[ Info: Retrieving Harmonie_33h0
[ Info: Retrieving Harmonie_33h1
[ Info: Retrieving Harmonie_35h0
[ Info: Retrieving Harmonie_35h1
[ Info: Retrieving Harmonie_36h1
[ Info: Retrieving Harmonie_36h1/ValidationTests
[ Info: Retrieving Harmonie_36h1/ValidationTests36h13
[ Info: Retrieving Harmonie_37h1
[ Info: Retrieving Harmonie_37h1/37h1.2_changes
[ Info: Retrieving Harmonie_37h1/ValidationTests
[ Info: Retrieving Harmonie_38h1
[ Info: Retrieving Harmonie_38h1/38h1.2_contributions
[ Info: Retrieving Harmonie_38h1/38h1.2_validation
[ Info: Retrieving Harmonie_38h1/RCR_status
[ Info: Retrieving Harmonie_38h1/ValidationTests
[ Info: Retrieving Harmonie_40h1
[ Info: Retrieving Harmonie_40h1/40h1.2_contributions
[ Info: Retrieving Harmonie_40h1/40h1.2_validation
[ Info: Retrieving Harmonie_40h1/ConvectionCases
[ Info: Retrieving Harmonie_40h1/potential_updates_for_tagging_40h1.2
[ Info: Retrieving Harmonie_40h1/RCR
[ Info: Retrieving Harmonie_40h1/validation_for_tagging_40h1.2
[ Info: Retrieving Harmonie_40h1/ValidationTests
[ Info: Retrieving Harmonie_41h1/41_t1.03_contributions
[ Info: Retrieving Harmonie_41h1/41t1_contributions
[ Info: Retrieving Harmonie_43h2/43h2.pre-alpha.1
[ Info: Retrieving Harmonie_43h2/43h2.pre-alpha.1_validation
[ Info: Retrieving Harmonie_43h2/Potential_updates_for_tagging_43h2.1
[ Info: Retrieving Harmonie_43h2/Validation_for_tagging_43h2.1
[ Info: Retrieving Harmonie_43h2_Validation_h2.1
[ Info: Retrieving Harmonie_7.0
[ Info: Retrieving HarmonieClimate
[ Info: Retrieving HarmonieClimate/GHGInHCLIM
[ Info: Retrieving HarmonieClimate/HCLIM38
[ Info: Retrieving HarmonieClimate/HCLIM40
[ Info: Retrieving HarmonieClimate/HCLIM43
[ Info: Retrieving HarmonieClimate/HCLIMmeeting2017
[ Info: Retrieving HarmonieClimate/HCLIMmeetingMarch2015
[ Info: Retrieving HarmonieClimate/HCLIM_meeting_summary
[ Info: Retrieving HarmonieClimate/HCLIM_NWP_cycles
[ Info: Retrieving HarmonieClimate/HCLIM_output
[ Info: Retrieving HarmonieClimate/KnownIssues
[ Info: Retrieving HarmonieClimate/Projects
[ Info: Retrieving HarmonieClimate/Projects/FPSconvection
[ Info: Retrieving HarmonieClimate/Projects/NorCP
[ Info: Retrieving HarmonieClimate/References
[ Info: Retrieving HarmonieClimate/TechnicalImprovements
[ Info: Retrieving HarmonieClimate/User_friendly_HARMONIE
[ Info: Retrieving HarmonieClimate/VersionControlSystem
[ Info: Retrieving HarmonieClimate/WorkingPlanProgress2020
[ Info: Retrieving HarmonieDAworkingweek200806
[ Info: Retrieving HarmonieDAWorkshop200805
[ Info: Retrieving Harmonie_ecFlow
[ Info: Retrieving HarmonieInventory/Operational
[ Info: Retrieving HarmoniePostPP2012
[ Info: Retrieving HarmonieSystemDocumentation
[ Info: Retrieving HarmonieSystemDocumentation/33h1
[ Info: Retrieving HarmonieSystemDocumentation/33h1/Analysis/SurfaceAnalysis
[ Info: Retrieving HarmonieSystemDocumentation/33h1/CompileHarmonie
[ Info: Retrieving HarmonieSystemDocumentation/33h1/DataAssimilation3DVAR
[ Info: Retrieving HarmonieSystemDocumentation/33h1/Evaluation/HarmonieTestbed
[ Info: Retrieving HarmonieSystemDocumentation/33h1/Evaluation/Mitraillette
[ Info: Retrieving HarmonieSystemDocumentation/33h1/File_Conv_Postp_Verif
[ Info: Retrieving HarmonieSystemDocumentation/33h1/Forecast/Outputlist
[ Info: Retrieving HarmonieSystemDocumentation/33h1/Harmonie-mSMS
[ Info: Retrieving HarmonieSystemDocumentation/33h1/Install_HARMONIE_ECMWF
[ Info: Retrieving HarmonieSystemDocumentation/33h1/Install_HARMONIE_trunk_ECMWF
[ Info: Retrieving HarmonieSystemDocumentation/33h1/LocalInstall32
[ Info: Retrieving HarmonieSystemDocumentation/33h1/LocalInstallation
[ Info: Retrieving HarmonieSystemDocumentation/33h1/Scripts
[ Info: Retrieving HarmonieSystemDocumentation/33h1/Source
[ Info: Retrieving HarmonieSystemDocumentation/33h1/UseofObservation
[ Info: Retrieving HarmonieSystemDocumentation/35h1
[ Info: Retrieving HarmonieSystemDocumentation/35h1/Analysis/SurfaceAnalysis
[ Info: Retrieving HarmonieSystemDocumentation/35h1/DataAssimilation3DVAR
[ Info: Retrieving HarmonieSystemDocumentation/35h1/Evaluation/HarmonieTestbed
[ Info: Retrieving HarmonieSystemDocumentation/35h1/Evaluation/Mitraillette
[ Info: Retrieving HarmonieSystemDocumentation/35h1/File_Conv_Postp_Verif
[ Info: Retrieving HarmonieSystemDocumentation/35h1/Forecast/Outputlist
[ Info: Retrieving HarmonieSystemDocumentation/35h1/General
[ Info: Retrieving HarmonieSystemDocumentation/35h1/Harmonie-mSMS
[ Info: Retrieving HarmonieSystemDocumentation/35h1/Installation
[ Info: Retrieving HarmonieSystemDocumentation/35h1/Phasing
[ Info: Retrieving HarmonieSystemDocumentation/35h1/PostPP/Diagnostics
[ Info: Retrieving HarmonieSystemDocumentation/35h1/PostPP/gl
[ Info: Retrieving HarmonieSystemDocumentation/35h1/PostPP/Verification
[ Info: Retrieving HarmonieSystemDocumentation/35h1/Scripts
[ Info: Retrieving HarmonieSystemDocumentation/35h1/Source
[ Info: Retrieving HarmonieSystemDocumentation/35h1/UseofObservation
[ Info: Retrieving HarmonieSystemDocumentation/35h1/Verification
[ Info: Retrieving HarmonieSystemDocumentation/36h1.4
[ Info: Retrieving HarmonieSystemDocumentation/36h1.4/Analysis/CANARI
[ Info: Retrieving HarmonieSystemDocumentation/36h1.4/Analysis/CANARI_EKF_SURFEX
[ Info: Retrieving HarmonieSystemDocumentation/36h1.4/Analysis/CANARI_OI_MAIN
[ Info: Retrieving HarmonieSystemDocumentation/36h1.4/Analysis/SurfaceAnalysis
[ Info: Retrieving HarmonieSystemDocumentation/36h1.4/AromeRAPSBM
[ Info: Retrieving HarmonieSystemDocumentation/36h1.4/BoundaryFilePreparation
[ Info: Retrieving HarmonieSystemDocumentation/36h1.4/Build_with_makeup
[ Info: Retrieving HarmonieSystemDocumentation/36h1.4/ClimateGeneration
[ Info: Retrieving HarmonieSystemDocumentation/36h1.4/CompileHarmonie
[ Info: Retrieving HarmonieSystemDocumentation/36h1.4/ConfigureYourExperiment
[ Info: Retrieving HarmonieSystemDocumentation/36h1.4/ConfigureYourExperiment%3A
[ Info: Retrieving HarmonieSystemDocumentation/36h1.4/DataAssimilation3DVAR
[ Info: Retrieving HarmonieSystemDocumentation/36h1.4/DataAssimilation4DVAR
[ Info: Retrieving HarmonieSystemDocumentation/36h1.4/DrHook
[ Info: Retrieving HarmonieSystemDocumentation/36h1.4/Evaluation/HarmonieTestbed
[ Info: Retrieving HarmonieSystemDocumentation/36h1.4/Evaluation/Mitraillette
[ Info: Retrieving HarmonieSystemDocumentation/36h1.4/File_Conv_Postp_Verif
[ Info: Retrieving HarmonieSystemDocumentation/36h1.4/FileFormats
[ Info: Retrieving HarmonieSystemDocumentation/36h1.4/Forecast
[ Info: Retrieving HarmonieSystemDocumentation/36h1.4/Forecast/Outputlist
[ Info: Retrieving HarmonieSystemDocumentation/36h1.4/Forecast/OutputOfNewVariables
[ Info: Retrieving HarmonieSystemDocumentation/36h1.4/General
[ Info: Retrieving HarmonieSystemDocumentation/36h1.4/Harmonie-local-njord
[ Info: Retrieving HarmonieSystemDocumentation/36h1.4/Harmonie-local-njord-exp1
[ Info: Retrieving HarmonieSystemDocumentation/36h1.4/Harmonie-local-njord-exp2
[ Info: Retrieving HarmonieSystemDocumentation/36h1.4/Harmonie-local-njord-exp3
[ Info: Retrieving HarmonieSystemDocumentation/36h1.4/Harmonie-mSMS
[ Info: Retrieving HarmonieSystemDocumentation/36h1.4/Installation
[ Info: Retrieving HarmonieSystemDocumentation/36h1.4/Install_HARMONIE_ECMWF
[ Info: Retrieving HarmonieSystemDocumentation/36h1.4/Install_HARMONIE_trunk_ECMWF
[ Info: Retrieving HarmonieSystemDocumentation/36h1.4/LocalInstall32
[ Info: Retrieving HarmonieSystemDocumentation/36h1.4/LocalInstallation
[ Info: Retrieving HarmonieSystemDocumentation/36h1.4/ModelDomain
[ Info: Retrieving HarmonieSystemDocumentation/36h1.4/Namelists
[ Info: Retrieving HarmonieSystemDocumentation/36h1.4/Phasing
[ Info: Retrieving HarmonieSystemDocumentation/36h1.4/PostPP/CommonVerification
[ Info: Retrieving HarmonieSystemDocumentation/36h1.4/PostPP/Diagnostics
[ Info: Retrieving HarmonieSystemDocumentation/36h1.4/PostPP/Extract4verification
[ Info: Retrieving HarmonieSystemDocumentation/36h1.4/PostPP/FileConversions
[ Info: Retrieving HarmonieSystemDocumentation/36h1.4/PostPP/Fullpos
[ Info: Retrieving HarmonieSystemDocumentation/36h1.4/PostPP/gl
[ Info: Retrieving HarmonieSystemDocumentation/36h1.4/PostPP/gl/Interpolation
[ Info: Retrieving HarmonieSystemDocumentation/36h1.4/PostPP/Operational_postp
[ Info: Retrieving HarmonieSystemDocumentation/36h1.4/PostPP/Verification
[ Info: Retrieving HarmonieSystemDocumentation/36h1.4/Scripts
[ Info: Retrieving HarmonieSystemDocumentation/36h1.4/SingleObs
[ Info: Retrieving HarmonieSystemDocumentation/36h1.4/Source
[ Info: Retrieving HarmonieSystemDocumentation/36h1.4/Structure
[ Info: Retrieving HarmonieSystemDocumentation/36h1.4/Structurefunctions
[ Info: Retrieving HarmonieSystemDocumentation/36h1.4/Structurefunctionsold
[ Info: Retrieving HarmonieSystemDocumentation/36h1.4/TheHarmonieScript
[ Info: Retrieving HarmonieSystemDocumentation/36h1.4/UpdateNamelists
[ Info: Retrieving HarmonieSystemDocumentation/36h1.4/UseofObservation
[ Info: Retrieving HarmonieSystemDocumentation/36h1.4/Verification
[ Info: Retrieving HarmonieSystemDocumentation/37h1.2
[ Info: Retrieving HarmonieSystemDocumentation/37h1.2/Analysis/CANARI
[ Info: Retrieving HarmonieSystemDocumentation/37h1.2/Analysis/CANARI_EKF_SURFEX
[ Info: Retrieving HarmonieSystemDocumentation/37h1.2/Analysis/CANARI_OI_MAIN
[ Info: Retrieving HarmonieSystemDocumentation/37h1.2/Analysis/SurfaceAnalysis
[ Info: Retrieving HarmonieSystemDocumentation/37h1.2/AromeRAPSBM
[ Info: Retrieving HarmonieSystemDocumentation/37h1.2/BoundaryFilePreparation
[ Info: Retrieving HarmonieSystemDocumentation/37h1.2/Build_with_makeup
[ Info: Retrieving HarmonieSystemDocumentation/37h1.2/ClimateGeneration
[ Info: Retrieving HarmonieSystemDocumentation/37h1.2/ClimateSimulation
[ Info: Retrieving HarmonieSystemDocumentation/37h1.2/CompileHarmonie
[ Info: Retrieving HarmonieSystemDocumentation/37h1.2/ConfigureYourExperiment
[ Info: Retrieving HarmonieSystemDocumentation/37h1.2/Conrad
[ Info: Retrieving HarmonieSystemDocumentation/37h1.2/DataAssimilation3DVAR
[ Info: Retrieving HarmonieSystemDocumentation/37h1.2/DataAssimilation4DVAR
[ Info: Retrieving HarmonieSystemDocumentation/37h1.2/DrHook
[ Info: Retrieving HarmonieSystemDocumentation/37h1.2/EPS/Howto
[ Info: Retrieving HarmonieSystemDocumentation/37h1.2/Evaluation/HarmonieTestbed
[ Info: Retrieving HarmonieSystemDocumentation/37h1.2/Evaluation/Mitraillette
[ Info: Retrieving HarmonieSystemDocumentation/37h1.2/File_Conv_Postp_Verif
[ Info: Retrieving HarmonieSystemDocumentation/37h1.2/FileFormats
[ Info: Retrieving HarmonieSystemDocumentation/37h1.2/Forecast
[ Info: Retrieving HarmonieSystemDocumentation/37h1.2/Forecast/Outputlist
[ Info: Retrieving HarmonieSystemDocumentation/37h1.2/Forecast/Outputlist/37h1
[ Info: Retrieving HarmonieSystemDocumentation/37h1.2/Forecast/Outputlist/37h1.1
[ Info: Retrieving HarmonieSystemDocumentation/37h1.2/Forecast/OutputOfNewVariables
[ Info: Retrieving HarmonieSystemDocumentation/37h1.2/General
[ Info: Retrieving HarmonieSystemDocumentation/37h1.2/Harmonie-mSMS
[ Info: Retrieving HarmonieSystemDocumentation/37h1.2/Installation
[ Info: Retrieving HarmonieSystemDocumentation/37h1.2/Installation/gmkpack
[ Info: Retrieving HarmonieSystemDocumentation/37h1.2/LocalInstall32
[ Info: Retrieving HarmonieSystemDocumentation/37h1.2/LocalInstallation
[ Info: Retrieving HarmonieSystemDocumentation/37h1.2/ModelDomain
[ Info: Retrieving HarmonieSystemDocumentation/37h1.2/Namelists
[ Info: Retrieving HarmonieSystemDocumentation/37h1.2/Phasing
[ Info: Retrieving HarmonieSystemDocumentation/37h1.2/PostPP/CommonVerification
[ Info: Retrieving HarmonieSystemDocumentation/37h1.2/PostPP/Diagnostics
[ Info: Retrieving HarmonieSystemDocumentation/37h1.2/PostPP/Extract4verification
[ Info: Retrieving HarmonieSystemDocumentation/37h1.2/PostPP/FileConversions
[ Info: Retrieving HarmonieSystemDocumentation/37h1.2/PostPP/Fullpos
[ Info: Retrieving HarmonieSystemDocumentation/37h1.2/PostPP/gl
[ Info: Retrieving HarmonieSystemDocumentation/37h1.2/PostPP/gl/Interpolation
[ Info: Retrieving HarmonieSystemDocumentation/37h1.2/PostPP/Verification
[ Info: Retrieving HarmonieSystemDocumentation/37h1.2/Scripts
[ Info: Retrieving HarmonieSystemDocumentation/37h1.2/SingleObs
[ Info: Retrieving HarmonieSystemDocumentation/37h1.2/Source
[ Info: Retrieving HarmonieSystemDocumentation/37h1.2/Structure
[ Info: Retrieving HarmonieSystemDocumentation/37h1.2/Structurefunctions
[ Info: Retrieving HarmonieSystemDocumentation/37h1.2/TheHarmonieScript
[ Info: Retrieving HarmonieSystemDocumentation/37h1.2/UpdateNamelists
[ Info: Retrieving HarmonieSystemDocumentation/37h1.2/UseofObservation
[ Info: Retrieving HarmonieSystemDocumentation/37h1.2/Verification
[ Info: Retrieving HarmonieSystemDocumentation/37h1.2/VerticalGrid
[ Info: Retrieving HarmonieSystemDocumentation/38h1.1
[ Info: Retrieving HarmonieSystemDocumentation/38h1.1/Analysis/CANARI
[ Info: Retrieving HarmonieSystemDocumentation/38h1.1/Analysis/CANARI_EKF_SURFEX
[ Info: Retrieving HarmonieSystemDocumentation/38h1.1/Analysis/CANARI_OI_MAIN
[ Info: Retrieving HarmonieSystemDocumentation/38h1.1/Analysis/SurfaceAnalysis
[ Info: Retrieving HarmonieSystemDocumentation/38h1.1/Binaries
[ Info: Retrieving HarmonieSystemDocumentation/38h1.1/BoundaryFilePreparation
[ Info: Retrieving HarmonieSystemDocumentation/38h1.1/Build_with_makeup
[ Info: Retrieving HarmonieSystemDocumentation/38h1.1/ClimateGeneration
[ Info: Retrieving HarmonieSystemDocumentation/38h1.1/ClimateSimulation
[ Info: Retrieving HarmonieSystemDocumentation/38h1.1/CompileHarmonie
[ Info: Retrieving HarmonieSystemDocumentation/38h1.1/ConfigureYourExperiment
[ Info: Retrieving HarmonieSystemDocumentation/38h1.1/Conrad
[ Info: Retrieving HarmonieSystemDocumentation/38h1.1/Content
[ Info: Retrieving HarmonieSystemDocumentation/38h1.1/DataAssimilation3DVAR
[ Info: Retrieving HarmonieSystemDocumentation/38h1.1/DataAssimilation4DVAR
[ Info: Retrieving HarmonieSystemDocumentation/38h1.1/DrHook
[ Info: Retrieving HarmonieSystemDocumentation/38h1.1/EPS/Howto
[ Info: Retrieving HarmonieSystemDocumentation/38h1.1/EPS/Setup
[ Info: Retrieving HarmonieSystemDocumentation/38h1.1/Evaluation/HarmonieTestbed
[ Info: Retrieving HarmonieSystemDocumentation/38h1.1/Evaluation/Mitraillette
[ Info: Retrieving HarmonieSystemDocumentation/38h1.1/File_Conv_Postp_Verif
[ Info: Retrieving HarmonieSystemDocumentation/38h1.1/FileFormats
[ Info: Retrieving HarmonieSystemDocumentation/38h1.1/Forecast
[ Info: Retrieving HarmonieSystemDocumentation/38h1.1/Forecast/Outputlist
[ Info: Retrieving HarmonieSystemDocumentation/38h1.1/Forecast/Outputlist/37h1
[ Info: Retrieving HarmonieSystemDocumentation/38h1.1/Forecast/Outputlist/37h1.1
[ Info: Retrieving HarmonieSystemDocumentation/38h1.1/Forecast/Outputlist/38h1
[ Info: Retrieving HarmonieSystemDocumentation/38h1.1/Forecast/OutputOfNewVariables
[ Info: Retrieving HarmonieSystemDocumentation/38h1.1/General
[ Info: Retrieving HarmonieSystemDocumentation/38h1.1/HarmonieBenchMark
[ Info: Retrieving HarmonieSystemDocumentation/38h1.1/Harmonie-local-njord
[ Info: Retrieving HarmonieSystemDocumentation/38h1.1/Harmonie-local-njord-exp1
[ Info: Retrieving HarmonieSystemDocumentation/38h1.1/Harmonie-local-njord-exp3
[ Info: Retrieving HarmonieSystemDocumentation/38h1.1/Harmonie-mSMS
[ Info: Retrieving HarmonieSystemDocumentation/38h1.1/How_to_use_hires_topography
[ Info: Retrieving HarmonieSystemDocumentation/38h1.1/How_to_use_hires_topography/hires_convert.f
[ Info: Retrieving HarmonieSystemDocumentation/38h1.1/Installation
[ Info: Retrieving HarmonieSystemDocumentation/38h1.1/Installation/gmkpack
[ Info: Retrieving HarmonieSystemDocumentation/38h1.1/LocalInstall32
[ Info: Retrieving HarmonieSystemDocumentation/38h1.1/LocalInstallation
[ Info: Retrieving HarmonieSystemDocumentation/38h1.1/LSMIXandJk
[ Info: Retrieving HarmonieSystemDocumentation/38h1.1/MFaccess
[ Info: Retrieving HarmonieSystemDocumentation/38h1.1/ModelDomain
[ Info: Retrieving HarmonieSystemDocumentation/38h1.1/Namelists
[ Info: Retrieving HarmonieSystemDocumentation/38h1.1/Phasing
[ Info: Retrieving HarmonieSystemDocumentation/38h1.1/PostPP/CommonVerification
[ Info: Retrieving HarmonieSystemDocumentation/38h1.1/PostPP/Diagnostics
[ Info: Retrieving HarmonieSystemDocumentation/38h1.1/PostPP/Extract4verification
[ Info: Retrieving HarmonieSystemDocumentation/38h1.1/PostPP/FileConversions
[ Info: Retrieving HarmonieSystemDocumentation/38h1.1/PostPP/Fullpos
[ Info: Retrieving HarmonieSystemDocumentation/38h1.1/PostPP/gl
[ Info: Retrieving HarmonieSystemDocumentation/38h1.1/PostPP/gl/Interpolation
[ Info: Retrieving HarmonieSystemDocumentation/38h1.1/PostPP/Verification
[ Info: Retrieving HarmonieSystemDocumentation/38h1.1/Scripts
[ Info: Retrieving HarmonieSystemDocumentation/38h1.1/SingleObs
[ Info: Retrieving HarmonieSystemDocumentation/38h1.1/Source
[ Info: Retrieving HarmonieSystemDocumentation/38h1.1/StandaloneOdb
[ Info: Retrieving HarmonieSystemDocumentation/38h1.1/Structure
[ Info: Retrieving HarmonieSystemDocumentation/38h1.1/Structurefunctions
[ Info: Retrieving HarmonieSystemDocumentation/38h1.1/TheHarmonieScript
[ Info: Retrieving HarmonieSystemDocumentation/38h1.1/UpdateNamelists
[ Info: Retrieving HarmonieSystemDocumentation/38h1.1/UseofObservation
[ Info: Retrieving HarmonieSystemDocumentation/38h1.1/Verification
[ Info: Retrieving HarmonieSystemDocumentation/38h1.1/VerticalGrid
[ Info: Retrieving HarmonieSystemDocumentation/38h1.2
[ Info: Retrieving HarmonieSystemDocumentation/38h1.2/Analysis/CANARI
[ Info: Retrieving HarmonieSystemDocumentation/38h1.2/Analysis/CANARI_EKF_SURFEX
[ Info: Retrieving HarmonieSystemDocumentation/38h1.2/Analysis/CANARI_OI_MAIN
[ Info: Retrieving HarmonieSystemDocumentation/38h1.2/Analysis/SurfaceAnalysis
[ Info: Retrieving HarmonieSystemDocumentation/38h1.2/Binaries
[ Info: Retrieving HarmonieSystemDocumentation/38h1.2/BoundaryFilePreparation
[ Info: Retrieving HarmonieSystemDocumentation/38h1.2/Build_with_makeup
[ Info: Retrieving HarmonieSystemDocumentation/38h1.2/Centos6Install
[ Info: Retrieving HarmonieSystemDocumentation/38h1.2/ClimateGeneration
[ Info: Retrieving HarmonieSystemDocumentation/38h1.2/ClimateSimulation
[ Info: Retrieving HarmonieSystemDocumentation/38h1.2/CompileHarmonie
[ Info: Retrieving HarmonieSystemDocumentation/38h1.2/ConfigureYourExperiment
[ Info: Retrieving HarmonieSystemDocumentation/38h1.2/Conrad
[ Info: Retrieving HarmonieSystemDocumentation/38h1.2/Content
[ Info: Retrieving HarmonieSystemDocumentation/38h1.2/DataAssimilation3DVAR
[ Info: Retrieving HarmonieSystemDocumentation/38h1.2/DataAssimilation4DVAR
[ Info: Retrieving HarmonieSystemDocumentation/38h1.2/DrHook
[ Info: Retrieving HarmonieSystemDocumentation/38h1.2/EPS/Howto
[ Info: Retrieving HarmonieSystemDocumentation/38h1.2/EPS/Setup
[ Info: Retrieving HarmonieSystemDocumentation/38h1.2/EPS/System
[ Info: Retrieving HarmonieSystemDocumentation/38h1.2/EPS/Testperiods
[ Info: Retrieving HarmonieSystemDocumentation/38h1.2/Evaluation/HarmonieTestbed
[ Info: Retrieving HarmonieSystemDocumentation/38h1.2/Evaluation/Mitraillette
[ Info: Retrieving HarmonieSystemDocumentation/38h1.2/File_Conv_Postp_Verif
[ Info: Retrieving HarmonieSystemDocumentation/38h1.2/FileFormats
[ Info: Retrieving HarmonieSystemDocumentation/38h1.2/Forecast
[ Info: Retrieving HarmonieSystemDocumentation/38h1.2/Forecast/Outputlist/37h1
[ Info: Retrieving HarmonieSystemDocumentation/38h1.2/Forecast/Outputlist/37h1.1
[ Info: Retrieving HarmonieSystemDocumentation/38h1.2/Forecast/Outputlist/38h1
[ Info: Retrieving HarmonieSystemDocumentation/38h1.2/General
[ Info: Retrieving HarmonieSystemDocumentation/38h1.2/HarmonieBenchMark
[ Info: Retrieving HarmonieSystemDocumentation/38h1.2/Harmonie-mSMS
[ Info: Retrieving HarmonieSystemDocumentation/38h1.2/HHoutputlist
[ Info: Retrieving HarmonieSystemDocumentation/38h1.2/How_to_use_hires_topography
[ Info: Retrieving HarmonieSystemDocumentation/38h1.2/Installation
[ Info: Retrieving HarmonieSystemDocumentation/38h1.2/Installation/gmkpack
[ Info: Retrieving HarmonieSystemDocumentation/38h1.2/LocalInstall32
[ Info: Retrieving HarmonieSystemDocumentation/38h1.2/LocalInstallation
[ Info: Retrieving HarmonieSystemDocumentation/38h1.2/LSMIXandJk
[ Info: Retrieving HarmonieSystemDocumentation/38h1.2/MFaccess
[ Info: Retrieving HarmonieSystemDocumentation/38h1.2/ModelDomain
[ Info: Retrieving HarmonieSystemDocumentation/38h1.2/Namelists
[ Info: Retrieving HarmonieSystemDocumentation/38h1.2/Phasing
[ Info: Retrieving HarmonieSystemDocumentation/38h1.2/PostPP
[ Info: Retrieving HarmonieSystemDocumentation/38h1.2/PostPP/CommonVerification
[ Info: Retrieving HarmonieSystemDocumentation/38h1.2/PostPP/Diagnostics
[ Info: Retrieving HarmonieSystemDocumentation/38h1.2/PostPP/Extract4verification
[ Info: Retrieving HarmonieSystemDocumentation/38h1.2/PostPP/FileConversions
[ Info: Retrieving HarmonieSystemDocumentation/38h1.2/PostPP/Fullpos
[ Info: Retrieving HarmonieSystemDocumentation/38h1.2/PostPP/gl
[ Info: Retrieving HarmonieSystemDocumentation/38h1.2/PostPP/gl/Interpolation
[ Info: Retrieving HarmonieSystemDocumentation/38h1.2/PostPP/gl_grib_api
[ Info: Retrieving HarmonieSystemDocumentation/38h1.2/PostPP/Obsmon
[ Info: Retrieving HarmonieSystemDocumentation/38h1.2/PostPP/Verification
[ Info: Retrieving HarmonieSystemDocumentation/38h1.2/PostPP/xtool
[ Info: Retrieving HarmonieSystemDocumentation/38h1.2/scripts/mSMS
[ Info: Retrieving HarmonieSystemDocumentation/38h1.2/scripts/mXCdp
[ Info: Retrieving HarmonieSystemDocumentation/38h1.2/SingleObs
[ Info: Retrieving HarmonieSystemDocumentation/38h1.2/SingleObs_ensys
[ Info: Retrieving HarmonieSystemDocumentation/38h1.2/Source
[ Info: Retrieving HarmonieSystemDocumentation/38h1.2/StandaloneOdb
[ Info: Retrieving HarmonieSystemDocumentation/38h1.2/Structurefunctions
[ Info: Retrieving HarmonieSystemDocumentation/38h1.2/Structurefunctions_ensys
[ Info: Retrieving HarmonieSystemDocumentation/38h1.2/TheHarmonieScript
[ Info: Retrieving HarmonieSystemDocumentation/38h1.2/UpdateNamelists
[ Info: Retrieving HarmonieSystemDocumentation/38h1.2/UseofObservation
[ Info: Retrieving HarmonieSystemDocumentation/38h1.2/Verification
[ Info: Retrieving HarmonieSystemDocumentation/38h1.2/VerticalGrid
[ Info: Retrieving HarmonieSystemDocumentation/40h1.1
[ Info: Retrieving HarmonieSystemDocumentation/40h1.1.1
[ Info: Retrieving HarmonieSystemDocumentation/40h1.1.1/graphviz
[ Info: Retrieving HarmonieSystemDocumentation/40h1.1.1/HYBRID
[ Info: Retrieving HarmonieSystemDocumentation/40h1.1.1/LETKF
[ Info: Retrieving HarmonieSystemDocumentation/40h1.1/Analysis/CANARI
[ Info: Retrieving HarmonieSystemDocumentation/40h1.1/Analysis/CANARI_EKF_SURFEX
[ Info: Retrieving HarmonieSystemDocumentation/40h1.1/Analysis/CANARI_OI_MAIN
[ Info: Retrieving HarmonieSystemDocumentation/40h1.1/Analysis/SurfaceAnalysis
[ Info: Retrieving HarmonieSystemDocumentation/40h1.1/Binaries
[ Info: Retrieving HarmonieSystemDocumentation/40h1.1/BoundaryFilePreparation
[ Info: Retrieving HarmonieSystemDocumentation/40h1.1/Build_with_makeup
[ Info: Retrieving HarmonieSystemDocumentation/40h1.1/Centos6Install
[ Info: Retrieving HarmonieSystemDocumentation/40h1.1/ClimateGeneration
[ Info: Retrieving HarmonieSystemDocumentation/40h1.1/ClimateSimulation
[ Info: Retrieving HarmonieSystemDocumentation/40h1.1/CompileHarmonie
[ Info: Retrieving HarmonieSystemDocumentation/40h1.1/ConfigureYourExperiment
[ Info: Retrieving HarmonieSystemDocumentation/40h1.1/Conrad
[ Info: Retrieving HarmonieSystemDocumentation/40h1.1/Content
[ Info: Retrieving HarmonieSystemDocumentation/40h1.1/DataAssimilation3DVAR
[ Info: Retrieving HarmonieSystemDocumentation/40h1.1/DataAssimilation4DVAR
[ Info: Retrieving HarmonieSystemDocumentation/40h1.1/DFS
[ Info: Retrieving HarmonieSystemDocumentation/40h1.1/DigitialFilterInitialization
[ Info: Retrieving HarmonieSystemDocumentation/40h1.1/DrHook
[ Info: Retrieving HarmonieSystemDocumentation/40h1.1/ECFLOW
[ Info: Retrieving HarmonieSystemDocumentation/40h1.1/EPS/BDSTRATEGY
[ Info: Retrieving HarmonieSystemDocumentation/40h1.1/EPS/Howto
[ Info: Retrieving HarmonieSystemDocumentation/40h1.1/EPS/Setup
[ Info: Retrieving HarmonieSystemDocumentation/40h1.1/EPS/SLAF
[ Info: Retrieving HarmonieSystemDocumentation/40h1.1/EPS/System
[ Info: Retrieving HarmonieSystemDocumentation/40h1.1/EPS/Testperiods
[ Info: Retrieving HarmonieSystemDocumentation/40h1.1/Evaluation/HarmonieTestbed
[ Info: Retrieving HarmonieSystemDocumentation/40h1.1/Evaluation/Mitraillette
[ Info: Retrieving HarmonieSystemDocumentation/40h1.1/Fast_start_on_cca
[ Info: Retrieving HarmonieSystemDocumentation/40h1.1/File_Conv_Postp_Verif
[ Info: Retrieving HarmonieSystemDocumentation/40h1.1/FileFormats
[ Info: Retrieving HarmonieSystemDocumentation/40h1.1/Forecast
[ Info: Retrieving HarmonieSystemDocumentation/40h1.1/Forecast/Outputlist/37h1
[ Info: Retrieving HarmonieSystemDocumentation/40h1.1/Forecast/Outputlist/37h1.1
[ Info: Retrieving HarmonieSystemDocumentation/40h1.1/Forecast/Outputlist/38h1
[ Info: Retrieving HarmonieSystemDocumentation/40h1.1/Forecast/Outputlist/40h1
[ Info: Retrieving HarmonieSystemDocumentation/40h1.1/Forecast/Outputlist/40h1.2
[ Info: Retrieving HarmonieSystemDocumentation/40h1.1/General
[ Info: Retrieving HarmonieSystemDocumentation/40h1.1/Gmkpack_vs_Make
[ Info: Retrieving HarmonieSystemDocumentation/40h1.1/HarmonieBenchMark
[ Info: Retrieving HarmonieSystemDocumentation/40h1.1/Harmonie-mSMS
[ Info: Retrieving HarmonieSystemDocumentation/40h1.1/HHoutputlist
[ Info: Retrieving HarmonieSystemDocumentation/40h1.1/How_to_use_hires_topography
[ Info: Retrieving HarmonieSystemDocumentation/40h1.1/Installation
[ Info: Retrieving HarmonieSystemDocumentation/40h1.1/Installation/gmkpack
[ Info: Retrieving HarmonieSystemDocumentation/40h1.1/LocalInstall32
[ Info: Retrieving HarmonieSystemDocumentation/40h1.1/LocalInstallation
[ Info: Retrieving HarmonieSystemDocumentation/40h1.1/LSMIXandJk
[ Info: Retrieving HarmonieSystemDocumentation/40h1.1/MFaccess
[ Info: Retrieving HarmonieSystemDocumentation/40h1.1/ModelDomain
[ Info: Retrieving HarmonieSystemDocumentation/40h1.1/Namelists
[ Info: Retrieving HarmonieSystemDocumentation/40h1.1/ObservationHowto/Amv
[ Info: Retrieving HarmonieSystemDocumentation/40h1.1/ObservationHowto/GNSS
[ Info: Retrieving HarmonieSystemDocumentation/40h1.1/ObservationOperators
[ Info: Retrieving HarmonieSystemDocumentation/40h1.1/ObservationPreprocessing
[ Info: Retrieving HarmonieSystemDocumentation/40h1.1/ObservationPreprocessing/Bator
[ Info: Retrieving HarmonieSystemDocumentation/40h1.1/ObservationPreprocessing/Cope
[ Info: Retrieving HarmonieSystemDocumentation/40h1.1/ObservationPreprocessing/ObservationData
[ Info: Retrieving HarmonieSystemDocumentation/40h1.1/ObservationPreprocessing/Oulan
[ Info: Retrieving HarmonieSystemDocumentation/40h1.1/Phasing
[ Info: Retrieving HarmonieSystemDocumentation/40h1.1/PlatformConfiguration
[ Info: Retrieving HarmonieSystemDocumentation/40h1.1/PostPP
[ Info: Retrieving HarmonieSystemDocumentation/40h1.1/PostPP/CommonVerification
[ Info: Retrieving HarmonieSystemDocumentation/40h1.1/PostPP/Diagnostics
[ Info: Retrieving HarmonieSystemDocumentation/40h1.1/PostPP/Extract4verification
[ Info: Retrieving HarmonieSystemDocumentation/40h1.1/PostPP/FileConversions
[ Info: Retrieving HarmonieSystemDocumentation/40h1.1/PostPP/Fullpos
[ Info: Retrieving HarmonieSystemDocumentation/40h1.1/PostPP/gl
[ Info: Retrieving HarmonieSystemDocumentation/40h1.1/PostPP/gl/Interpolation
[ Info: Retrieving HarmonieSystemDocumentation/40h1.1/PostPP/gl_grib_api
[ Info: Retrieving HarmonieSystemDocumentation/40h1.1/PostPP/Obsmon
[ Info: Retrieving HarmonieSystemDocumentation/40h1.1/PostPP/Verification
[ Info: Retrieving HarmonieSystemDocumentation/40h1.1/PostPP/xtool
[ Info: Retrieving HarmonieSystemDocumentation/40h1.1/PreviousModelOutputLists
[ Info: Retrieving HarmonieSystemDocumentation/40h1.1/PreviousVersions
[ Info: Retrieving HarmonieSystemDocumentation/40h1.1/QuickStartLocal
[ Info: Retrieving HarmonieSystemDocumentation/40h1.1/RadarData
[ Info: Retrieving HarmonieSystemDocumentation/40h1.1/Redhat7Install
[ Info: Retrieving HarmonieSystemDocumentation/40h1.1/Screening
[ Info: Retrieving HarmonieSystemDocumentation/40h1.1/scripts/mSMS
[ Info: Retrieving HarmonieSystemDocumentation/40h1.1/scripts/mXCdp
[ Info: Retrieving HarmonieSystemDocumentation/40h1.1/SingleObs
[ Info: Retrieving HarmonieSystemDocumentation/40h1.1/SingleObs_ensys
[ Info: Retrieving HarmonieSystemDocumentation/40h1.1/Source
[ Info: Retrieving HarmonieSystemDocumentation/40h1.1/StandaloneOdb
[ Info: Retrieving HarmonieSystemDocumentation/40h1.1/Structurefunctions
[ Info: Retrieving HarmonieSystemDocumentation/40h1.1/Structurefunctions_ensys
[ Info: Retrieving HarmonieSystemDocumentation/40h1.1/TheHarmonieScript
[ Info: Retrieving HarmonieSystemDocumentation/40h1.1/TrainingCourses
[ Info: Retrieving HarmonieSystemDocumentation/40h1.1/UpdateNamelists
[ Info: Retrieving HarmonieSystemDocumentation/40h1.1/UseofObservation
[ Info: Retrieving HarmonieSystemDocumentation/40h1.1/Verification
[ Info: Retrieving HarmonieSystemDocumentation/40h1.1/VerticalGrid
[ Info: Retrieving HarmonieSystemDocumentation/Analysis/CANARI
[ Info: Retrieving HarmonieSystemDocumentation/Analysis/CANARI_EKF_SURFEX
[ Info: Retrieving HarmonieSystemDocumentation/Analysis/CANARI_OI_MAIN
[ Info: Retrieving HarmonieSystemDocumentation/Analysis/SurfaceAnalysis
[ Info: Retrieving HarmonieSystemDocumentation/Binaries
[ Info: Retrieving HarmonieSystemDocumentation/BoundaryFilePreparation
[ Info: Retrieving HarmonieSystemDocumentation/Build_with_makeup
[ Info: Retrieving HarmonieSystemDocumentation/Calibration
[ Info: Retrieving HarmonieSystemDocumentation/Centos6Install
[ Info: Retrieving HarmonieSystemDocumentation/CHKEVO
[ Info: Retrieving HarmonieSystemDocumentation/ClimateGeneration
[ Info: Retrieving HarmonieSystemDocumentation/ClimateSimulation
[ Info: Retrieving HarmonieSystemDocumentation/CompileHarmonie
[ Info: Retrieving HarmonieSystemDocumentation/ConfigureYourExperiment
[ Info: Retrieving HarmonieSystemDocumentation/Conrad
[ Info: Retrieving HarmonieSystemDocumentation/Content
[ Info: Retrieving HarmonieSystemDocumentation/DataAssimilation3DVAR
[ Info: Retrieving HarmonieSystemDocumentation/DataAssimilation4DVAR
[ Info: Retrieving HarmonieSystemDocumentation/Development/ContributionForm
[ Info: Retrieving HarmonieSystemDocumentation/DFS
[ Info: Retrieving HarmonieSystemDocumentation/DigitialFilterInitialization
[ Info: Retrieving HarmonieSystemDocumentation/DrHook
[ Info: Retrieving HarmonieSystemDocumentation/ECFLOW
[ Info: Retrieving HarmonieSystemDocumentation/EPS/BDSTRATEGY
[ Info: Retrieving HarmonieSystemDocumentation/EPS/Explist_paper
[ Info: Retrieving HarmonieSystemDocumentation/EPS/Howto
[ Info: Retrieving HarmonieSystemDocumentation/EPS/Setup
[ Info: Retrieving HarmonieSystemDocumentation/EPS/Setup38
[ Info: Retrieving HarmonieSystemDocumentation/EPS/SLAF
[ Info: Retrieving HarmonieSystemDocumentation/EPS/SPP
[ Info: Retrieving HarmonieSystemDocumentation/EPS/SPPT
[ Info: Retrieving HarmonieSystemDocumentation/EPS/SurfacePerturbations
[ Info: Retrieving HarmonieSystemDocumentation/EPS/System
[ Info: Retrieving HarmonieSystemDocumentation/EPS/Testperiods
[ Info: Retrieving HarmonieSystemDocumentation/Evaluation/HarmonieTestbed
[ Info: Retrieving HarmonieSystemDocumentation/Evaluation/Mitraillette
[ Info: Retrieving HarmonieSystemDocumentation/Fast_start_on_cca
[ Info: Retrieving HarmonieSystemDocumentation/File_Conv_Postp_Verif
[ Info: Retrieving HarmonieSystemDocumentation/FileFormats
[ Info: Retrieving HarmonieSystemDocumentation/Forecast
[ Info: Retrieving HarmonieSystemDocumentation/Forecast/Outputlist
[ Info: Retrieving HarmonieSystemDocumentation/Forecast/Outputlist/37h1
[ Info: Retrieving HarmonieSystemDocumentation/Forecast/Outputlist/37h1.1
[ Info: Retrieving HarmonieSystemDocumentation/Forecast/Outputlist/38h1
[ Info: Retrieving HarmonieSystemDocumentation/Forecast/Outputlist/38h1/SURFEX
[ Info: Retrieving HarmonieSystemDocumentation/Forecast/Outputlist/40h1
[ Info: Retrieving HarmonieSystemDocumentation/Forecast/OutputOfNewVariables
[ Info: Retrieving HarmonieSystemDocumentation/ForwardPhasing
[ Info: Retrieving HarmonieSystemDocumentation/ForwardPhasing/Cycle46
[ Info: Retrieving HarmonieSystemDocumentation/General
[ Info: Retrieving HarmonieSystemDocumentation/Gmkpack_vs_Make
[ Info: Retrieving HarmonieSystemDocumentation/HarmonieBenchMark
[ Info: Retrieving HarmonieSystemDocumentation/Harmonie-local-njord
[ Info: Retrieving HarmonieSystemDocumentation/Harmonie-local-njord-exp1
[ Info: Retrieving HarmonieSystemDocumentation/Harmonie-local-njord-exp3
[ Info: Retrieving HarmonieSystemDocumentation/Harmonie-mSMS
[ Info: Retrieving HarmonieSystemDocumentation/Harmonie-mSMS.md
[ Info: Retrieving HarmonieSystemDocumentation/HHoutputlist
[ Info: Retrieving HarmonieSystemDocumentation/hires_topog_gather_tiles.f
[ Info: Retrieving HarmonieSystemDocumentation/How_to_use_hires_topography
[ Info: Retrieving HarmonieSystemDocumentation/How_to_use_hires_topography/hires_convert.f
[ Info: Retrieving HarmonieSystemDocumentation/Installation
[ Info: Retrieving HarmonieSystemDocumentation/Installation/gmkpack
[ Info: Retrieving HarmonieSystemDocumentation/LocalInstall32
[ Info: Retrieving HarmonieSystemDocumentation/LocalInstallation
[ Info: Retrieving HarmonieSystemDocumentation/LSMIXandJk
[ Info: Retrieving HarmonieSystemDocumentation/MFaccess
[ Info: Retrieving HarmonieSystemDocumentation/ModelDomain
[ Info: Retrieving HarmonieSystemDocumentation/MTEN
[ Info: Retrieving HarmonieSystemDocumentation/MUSC
[ Info: Retrieving HarmonieSystemDocumentation/MUSC/Forcing
[ Info: Retrieving HarmonieSystemDocumentation/Namelists
[ Info: Retrieving HarmonieSystemDocumentation/NewPlatform
[ Info: Retrieving HarmonieSystemDocumentation/ObservationHowto
[ Info: Retrieving HarmonieSystemDocumentation/ObservationHowto/Amv
[ Info: Retrieving HarmonieSystemDocumentation/ObservationHowto/Ascat
[ Info: Retrieving HarmonieSystemDocumentation/ObservationHowto/Atovs
[ Info: Retrieving HarmonieSystemDocumentation/ObservationHowto/GNSS
[ Info: Retrieving HarmonieSystemDocumentation/ObservationHowto/Modes
[ Info: Retrieving HarmonieSystemDocumentation/ObservationHowto/Scatt
[ Info: Retrieving HarmonieSystemDocumentation/ObservationOperators
[ Info: Retrieving HarmonieSystemDocumentation/ObservationPreprocessing
[ Info: Retrieving HarmonieSystemDocumentation/ObservationPreprocessing/Bator
[ Info: Retrieving HarmonieSystemDocumentation/ObservationPreprocessing/Cope
[ Info: Retrieving HarmonieSystemDocumentation/ObservationPreprocessing/ObservationData
[ Info: Retrieving HarmonieSystemDocumentation/ObservationPreprocessing/Oulan
[ Info: Retrieving HarmonieSystemDocumentation/Phasing
[ Info: Retrieving HarmonieSystemDocumentation/Phasing/LUNBC_in_cy43t1
[ Info: Retrieving HarmonieSystemDocumentation/PhasingWithGit
[ Info: Retrieving HarmonieSystemDocumentation/PhasingWithGit/Cycle46
[ Info: Retrieving HarmonieSystemDocumentation/PhasingWithGit/Cycle46t1_bf.02
[ Info: Retrieving HarmonieSystemDocumentation/PhasingWithGit/Cycle46t1_bf.02/mitraillette_tests
[ Info: Retrieving HarmonieSystemDocumentation/PhasingWithGit/Cycle46t1_bf.02/unqique_harmonie
[ Info: Retrieving HarmonieSystemDocumentation/PhasingWithGit/Cycle46t1_bf.02/unqique_mf
[ Info: Retrieving HarmonieSystemDocumentation/PlatformConfiguration
[ Info: Retrieving HarmonieSystemDocumentation/PostPP
[ Info: Retrieving HarmonieSystemDocumentation/PostPP/CommonVerification
[ Info: Retrieving HarmonieSystemDocumentation/PostPP/Diagnostics
[ Info: Retrieving HarmonieSystemDocumentation/PostPP/EPyGrAM
[ Info: Retrieving HarmonieSystemDocumentation/PostPP/Extract4verification
[ Info: Retrieving HarmonieSystemDocumentation/PostPP/FileConversions
[ Info: Retrieving HarmonieSystemDocumentation/PostPP/Fullpos
[ Info: Retrieving HarmonieSystemDocumentation/PostPP/gl
[ Info: Retrieving HarmonieSystemDocumentation/PostPP/gl/Interpolation
[ Info: Retrieving HarmonieSystemDocumentation/PostPP/gl_grib_api
[ Info: Retrieving HarmonieSystemDocumentation/PostPP/Obsmon
[ Info: Retrieving HarmonieSystemDocumentation/PostPP/Verification
[ Info: Retrieving HarmonieSystemDocumentation/PostPP/xtool
[ Info: Retrieving HarmonieSystemDocumentation/PreviousModelOutputLists
[ Info: Retrieving HarmonieSystemDocumentation/PreviousVersions
[ Info: Retrieving HarmonieSystemDocumentation/PruningOfmSMS
[ Info: Retrieving HarmonieSystemDocumentation/QuickStartLocal
[ Info: Retrieving HarmonieSystemDocumentation/RadarData
[ Info: Retrieving HarmonieSystemDocumentation/Redhat7Install
[ Info: Retrieving HarmonieSystemDocumentation/Scalability_and_Refactoring
[ Info: Retrieving HarmonieSystemDocumentation/Screening
[ Info: Retrieving HarmonieSystemDocumentation/scripts/mSMS
[ Info: Retrieving HarmonieSystemDocumentation/scripts/mXCdp
[ Info: Retrieving HarmonieSystemDocumentation/SingleObs
[ Info: Retrieving HarmonieSystemDocumentation/SingleObs_ensys
[ Info: Retrieving HarmonieSystemDocumentation/Source
[ Info: Retrieving HarmonieSystemDocumentation/SourceCodeRepository
[ Info: Retrieving HarmonieSystemDocumentation/SourceCodeRepository/DevelopmentMerge/CY43
[ Info: Retrieving HarmonieSystemDocumentation/SourceCodeRepository/PublishFeatureOnly
[ Info: Retrieving HarmonieSystemDocumentation/SourceCodeRepositoryTutorial/FeatureDevelopment
[ Info: Retrieving HarmonieSystemDocumentation/StandaloneOdb
[ Info: Retrieving HarmonieSystemDocumentation/Structurefunctions
[ Info: Retrieving HarmonieSystemDocumentation/Structurefunctions_ensys
[ Info: Retrieving HarmonieSystemDocumentation/TheHarmonieScript
[ Info: Retrieving HarmonieSystemDocumentation/Training/HarmonieSystemTraining2019
[ Info: Retrieving HarmonieSystemDocumentation/Training/HarmonieSystemTraining2019/Practicals
[ Info: Retrieving HarmonieSystemDocumentation/TrainingCourses
[ Info: Retrieving HarmonieSystemDocumentation/UpdateNamelists
[ Info: Retrieving HarmonieSystemDocumentation/UseofObservation
[ Info: Retrieving HarmonieSystemDocumentation/Verification
[ Info: Retrieving HarmonieSystemDocumentation/VerticalGrid
[ Info: Retrieving HarmonieSystemRelease
[ Info: Retrieving HarmonieSystemTest
[ Info: Retrieving HarmonieSystemTraining2011/Lecture/Installation/RatTalk
[ Info: Retrieving HarmonieSystemTraining2011/Lecture/Installation/Running
[ Info: Retrieving HarmonieSystemTraining2011/Lecture/Installation/SourceCode
[ Info: Retrieving HarmonieSystemTraining2011/Lecture/mSMS
[ Info: Retrieving HarmonieSystemTraining2011/Lecture/PostPP
[ Info: Retrieving HarmonieSystemTraining2011/Lecture/SurfaceAssimilation
[ Info: Retrieving HarmonieSystemTraining2011/RunningExperiment
[ Info: Retrieving HarmonieSystemTraining2012/Exercises
[ Info: Retrieving HarmonieSystemTraining2012/Highresobs
[ Info: Retrieving HarmonieSystemTraining2012/Lecture/Installation/Building
[ Info: Retrieving HarmonieSystemTraining2012/Lecture/Installation/ConfIssues
[ Info: Retrieving HarmonieSystemTraining2012/Lecture/Installation/GMKpack
[ Info: Retrieving HarmonieSystemTraining2012/Lecture/Installation/GMKvsMake
[ Info: Retrieving HarmonieSystemTraining2012/Lecture/Installation/RefIns
[ Info: Retrieving HarmonieSystemTraining2012/Lecture/Installation/SW
[ Info: Retrieving HarmonieSystemTraining2012/MuscatenFunding
[ Info: Retrieving HarmonieSystemTraining2012/Programme
[ Info: Retrieving HarmonieSystemTraining2012/Programme/Lecture/SurfaceAssimilation
[ Info: Retrieving HarmonieSystemTraining2014/Eumetcal
[ Info: Retrieving HarmonieSystemTraining2014/Exercises
[ Info: Retrieving HarmonieSystemTraining2014/Programme
[ Info: Retrieving HarmonieSystemTraining2015/Eumetcal
[ Info: Retrieving HarmonieSystemTraining2015/Exercises
[ Info: Retrieving HarmonieSystemTraining2015/Programme
[ Info: Retrieving HarmonieWorkingWeek/4DVAR200911
[ Info: Retrieving HarmonieWorkingWeek/4DVAR201011
[ Info: Retrieving HarmonieWorkingWeek/4DVAR201011/NamelistCheck
[ Info: Retrieving HarmonieWorkingWeek/4DVAR201503
[ Info: Retrieving HarmonieWorkingWeek/4DVAR201511
[ Info: Retrieving HarmonieWorkingWeek/4DVAR201605
[ Info: Retrieving HarmonieWorkingWeek/ALGO201701
[ Info: Retrieving HarmonieWorkingWeek/ALGO201711
[ Info: Retrieving HarmonieWorkingWeek/CAR2017
[ Info: Retrieving HarmonieWorkingWeek/Clouds201210
[ Info: Retrieving HarmonieWorkingWeek/HarmonieWorkingWeek/System201505/MSG-init-cy40h1
[ Info: Retrieving HarmonieWorkingWeek/MSGinit
[ Info: Retrieving HarmonieWorkingWeek/ProRad
[ Info: Retrieving HarmonieWorkingWeek/Radar201103
[ Info: Retrieving HarmonieWorkingWeek/Radar201202
[ Info: Retrieving HarmonieWorkingWeek/Radar201403
[ Info: Retrieving HarmonieWorkingWeek/Radiation201210
[ Info: Retrieving HarmonieWorkingWeek/Radiation201302
[ Info: Retrieving HarmonieWorkingWeek/Radiation201310
[ Info: Retrieving HarmonieWorkingWeek/Radiation201403
[ Info: Retrieving HarmonieWorkingWeek/Radiation201409
[ Info: Retrieving HarmonieWorkingWeek/Radiation201504
[ Info: Retrieving HarmonieWorkingWeek/Radiation201511
[ Info: Retrieving HarmonieWorkingWeek/Radiation201604
[ Info: Retrieving HarmonieWorkingWeek/RadiationTestResults
[ Info: Retrieving HarmonieWorkingWeek/Snow201303
[ Info: Retrieving HarmonieWorkingWeek/SnowAna201201
[ Info: Retrieving HarmonieWorkingWeek/Surface201709
[ Info: Retrieving HarmonieWorkingWeek/UseObs201111
[ Info: Retrieving HarmonieWorkingWeek/UseObs201303
[ Info: Retrieving HarmonieWorkingWeek/UseObs201312
[ Info: Retrieving HarmonieWorkingWeek/UseObs201409
[ Info: Retrieving HarmonieWorkingWeek/UseObs201410
[ Info: Retrieving HarmonieWorkingWeek/UseObs201509
[ Info: Retrieving HarmonieWorkingWeek/UseObs201605
[ Info: Retrieving HarmonieWorkingWeek/UseObs201705
[ Info: Retrieving HarmonieWorkingWeek/UseofObsandALGO201812
[ Info: Retrieving HarmonieWorkingWeek/YSSS-Aveiro2014
[ Info: Retrieving HarmonieWorkingWeek/YSSS-Aveiro2014/YSSS14_harmoexe
[ Info: Retrieving HARMONIE_WORKSHOP
[ Info: Retrieving HARP
[ Info: Retrieving HARP201403
[ Info: Retrieving HeadNote
[ Info: Retrieving HHoutputlist
[ Info: Retrieving hires_convert.f
[ Info: Retrieving Hirlam_7.0
[ Info: Retrieving Hirlam_7.0codetest
[ Info: Retrieving Hirlam_7.1
[ Info: Retrieving Hirlam_7.1issues
[ Info: Retrieving Hirlam_7.1TestEvaluation
[ Info: Retrieving Hirlam_7.2
[ Info: Retrieving Hirlam_7.2candidate
[ Info: Retrieving Hirlam_7.3
[ Info: Retrieving Hirlam_7.3/ValidationTests
[ Info: Retrieving Hirlam_7.4
[ Info: Retrieving Hirlam_7.4/ValidationTests
[ Info: Retrieving HIRLAMB/presentations
[ Info: Retrieving HirlamChemicalBranch
[ Info: Retrieving HirlamChemicalBranch/Enviro-HIRLAM
[ Info: Retrieving HirlamChemicalBranch/Introduction
[ Info: Retrieving HirlamChemicalBranch/Meetings
[ Info: Retrieving HirlamChemicalBranch/News
[ Info: Retrieving HirlamChemicalBranch/Participants
[ Info: Retrieving HirlamDictionary/Alphabetical
[ Info: Retrieving HirlamDirectory
[ Info: Retrieving HirlamDirectory/Alphabetical
[ Info: Retrieving HirlamDirectory/ContactBook
[ Info: Retrieving HirlamDirectoryStructure
[ Info: Retrieving HirlamHowto
[ Info: Retrieving HirlamHowto/Analysis/ATOVS
[ Info: Retrieving HirlamHowto/Analysis/BackgroundStatistics
[ Info: Retrieving HirlamHowto/Analysis/BGOS
[ Info: Retrieving HirlamHowto/Analysis/FourDVAR
[ Info: Retrieving HirlamHowto/Analysis/QuikScat
[ Info: Retrieving HirlamHowto/Configure/ClimateGeneration
[ Info: Retrieving HirlamHowto/Forecast/Error
[ Info: Retrieving HirlamHowto/Install/ECMWF
[ Info: Retrieving HirlamHowto/Install/General
[ Info: Retrieving HirlamHowto/Install/LinuxPc
[ Info: Retrieving HirlamHowto/Man/ascii2bufr
[ Info: Retrieving HirlamHowto/Man/ATOVS70
[ Info: Retrieving HirlamHowto/Man/hitmerge7
[ Info: Retrieving HirlamHowto/Man/landx
[ Info: Retrieving HirlamHowto/Man/mkbccf
[ Info: Retrieving HirlamHowto/Man/nukem
[ Info: Retrieving HirlamHowto/Man/putbias
[ Info: Retrieving HirlamHowto/Man/rtmsys
[ Info: Retrieving HirlamHowto/Running/Monitoring
[ Info: Retrieving HirlamHowto/Running/mSMSscript
[ Info: Retrieving HirlamHowto/Svn/Diff
[ Info: Retrieving HirlamHowto/Svn/Source
[ Info: Retrieving HirlamHowto/Svn/Subversion
[ Info: Retrieving HirlamHowto/Systemwiki/AccessContribution
[ Info: Retrieving HirlamHowto/Update/Update
[ Info: Retrieving HirlamInventory
[ Info: Retrieving HirlamInventory/Computer
[ Info: Retrieving HirlamInventory/DataFormat
[ Info: Retrieving HirlamInventory/Graphics
[ Info: Retrieving HirlamInventory/HarmonieSystem
[ Info: Retrieving HirlamInventory/Monitoring
[ Info: Retrieving HirlamInventory/Operational
[ Info: Retrieving HirlamInventory/PostPP
[ Info: Retrieving HirlamInventory/Verification
[ Info: Retrieving HirlamInventory/Webfeature
[ Info: Retrieving HirlamMeetings
[ Info: Retrieving HirlamMeetings/ModelMeetings
[ Info: Retrieving HirlamMeetings/ModelMeetings/ObOpWorkshop
[ Info: Retrieving HirlamMeetings/OrganisationalMeetings
[ Info: Retrieving HirlamMeetings/SteeringbodyMeetings
[ Info: Retrieving HirlamMeetings/Surface201610/1D_test_case
[ Info: Retrieving HirlamMeetings/Surface201610/SODA_development
[ Info: Retrieving HirlamMeetings/WorkingWeeks
[ Info: Retrieving HirlamReleaseStatus
[ Info: Retrieving HirlamSystemDocumentation
[ Info: Retrieving HirlamSystemDocumentation/Analysis/ATOVS
[ Info: Retrieving HirlamSystemDocumentation/Analysis/HIRVDA
[ Info: Retrieving HirlamSystemDocumentation/Analysis/MODIS
[ Info: Retrieving HirlamSystemDocumentation/Analysis/QuikScat
[ Info: Retrieving HirlamSystemDocumentation/Analysis/RADAR
[ Info: Retrieving HirlamSystemDocumentation/Analysis/SurfaceAnalysis
[ Info: Retrieving HirlamSystemDocumentation/Analysis/SYNOP
[ Info: Retrieving HirlamSystemDocumentation/Analysis/UseofOSISAF
[ Info: Retrieving HirlamSystemDocumentation/Configure/ClimateGeneration
[ Info: Retrieving HirlamSystemDocumentation/Configure/ClimateGeneration/Upgrade
[ Info: Retrieving HirlamSystemDocumentation/Configure/ClimateGeneration/Upgrade_7.1
[ Info: Retrieving HirlamSystemDocumentation/Configure/DataAssimilation
[ Info: Retrieving HirlamSystemDocumentation/Configure/DataAssimilation3DVAR
[ Info: Retrieving HirlamSystemDocumentation/Configure/DataAssimilation4DVAR
[ Info: Retrieving HirlamSystemDocumentation/Configure/Domain
[ Info: Retrieving HirlamSystemDocumentation/Configure/EnsemblePrediction
[ Info: Retrieving HirlamSystemDocumentation/Configure/ForecastConfiguration
[ Info: Retrieving HirlamSystemDocumentation/Configure/Interpolation
[ Info: Retrieving HirlamSystemDocumentation/Configure/ModelCoupling
[ Info: Retrieving HirlamSystemDocumentation/Configure/VerticalGrid
[ Info: Retrieving HirlamSystemDocumentation/EPS/HirlamEPS
[ Info: Retrieving HirlamSystemDocumentation/EPS/Settings
[ Info: Retrieving HirlamSystemDocumentation/Forecast/condensation
[ Info: Retrieving HirlamSystemDocumentation/Forecast/Initialization
[ Info: Retrieving HirlamSystemDocumentation/Forecast/orography
[ Info: Retrieving HirlamSystemDocumentation/Forecast/Outputlist
[ Info: Retrieving HirlamSystemDocumentation/Forecast/Outputlist73
[ Info: Retrieving HirlamSystemDocumentation/Forecast/Outputlist74
[ Info: Retrieving HirlamSystemDocumentation/Forecast/radiation
[ Info: Retrieving HirlamSystemDocumentation/Forecast/surface
[ Info: Retrieving HirlamSystemDocumentation/Forecast/verticalDiffusion
[ Info: Retrieving HirlamSystemDocumentation/General/FileFormat
[ Info: Retrieving HirlamSystemDocumentation/General/HirlamSourceCode
[ Info: Retrieving HirlamSystemDocumentation/General/Repository
[ Info: Retrieving HirlamSystemDocumentation/Install/General
[ Info: Retrieving HirlamSystemDocumentation/Install/Installation
[ Info: Retrieving HirlamSystemDocumentation/Mesoscale/HarmonieSource
[ Info: Retrieving HirlamSystemDocumentation/PostPP/CommonVerification
[ Info: Retrieving HirlamSystemDocumentation/PostPP/FieldVerification
[ Info: Retrieving HirlamSystemDocumentation/PostPP/HIRALD_Verification
[ Info: Retrieving HirlamSystemDocumentation/PostPP/Verification
[ Info: Retrieving HirlamSystemDocumentation/RCRdataArchive
[ Info: Retrieving HirlamSystemDocumentation/RunningChemistryBranch
[ Info: Retrieving HirlamSystemDocumentation/RunningHirlamOnDMIHPC
[ Info: Retrieving HirlamSystemDocumentation/RunningHirlamOnDMIXT5
[ Info: Retrieving HirlamSystemDocumentation/scripts/Modules
[ Info: Retrieving HirlamSystemDocumentation/scripts/mXCdp
[ Info: Retrieving HirlamSystemDocumentation/scripts/Scripts
[ Info: Retrieving HirlamSystemRelease
[ Info: Retrieving HirlamSystemTest
[ Info: Retrieving HowtoContribUtility
[ Info: Retrieving InfoExchanges
[ Info: Retrieving Install_HARMONIE_ECMWF
[ Info: Retrieving Install_HARMONIE_trunk_ECMWF
[ Info: Retrieving InterMapTxt
[ Info: Retrieving InterOperabilityDocument
[ Info: Retrieving InterTrac
[ Info: Retrieving InterWiki
[ Info: Retrieving KNMI_HIRLAM
[ Info: Retrieving Lhms_HIRLAM
[ Info: Retrieving LocalInstall32
[ Info: Retrieving Logout
[ Info: Retrieving MailingAlias
[ Info: Retrieving MailingLists
[ Info: Retrieving MainRadiationPage
[ Info: Retrieving Meeting_on_radar_data_processing
[ Info: Retrieving Meetings
[ Info: Retrieving Meetings/Data_assimilation
[ Info: Retrieving Meetings/Data_assimilation/2019
[ Info: Retrieving Meetings/Data_assimilation/Video_Meetings
[ Info: Retrieving Meetings/Data_assimilation/Video_Meetings/2017
[ Info: Retrieving Meetings/Data_assimilation/Video_Meetings/2017/etkf_4dvar_3dvar_oops_meeting
[ Info: Retrieving Meetings/Data_assimilation/Video_Meetings/2017/Meeting_on_conventional_data_and_COPE
[ Info: Retrieving Meetings/Data_assimilation/Video_Meetings/2017/Meeting_on_radar_data_processing
[ Info: Retrieving Meetings/Data_assimilation/Video_Meetings/2017/Radiance_data_assimilation
[ Info: Retrieving Meetings/Data_assimilation/Video_Meetings/2017/Retrieval_data_assimilation
[ Info: Retrieving Meetings/Data_assimilation/Video_Meetings/2018
[ Info: Retrieving Meetings/Data_assimilation/Video_Meetings/2018/etkf_4dvar_3dvar_oops_meeting
[ Info: Retrieving Meetings/Data_assimilation/Video_Meetings/2018/Meeting_on_conventional_data_and_COPE
[ Info: Retrieving Meetings/Data_assimilation/Video_Meetings/2018/Meeting_on_radar_data_processing
[ Info: Retrieving Meetings/Data_assimilation/Video_Meetings/2018/Radiance_data_assimilation
[ Info: Retrieving Meetings/Data_assimilation/Video_Meetings/2018/Retrieval_data_assimilation
[ Info: Retrieving Meetings/Data_assimilation/Video_Meetings/2019
[ Info: Retrieving Meetings/Data_assimilation/Video_Meetings/2019/etkf_4dvar_3dvar_oops_meeting
[ Info: Retrieving Meetings/Data_assimilation/Video_Meetings/2019/Meeting_on_conventional_data
[ Info: Retrieving Meetings/Data_assimilation/Video_Meetings/2019/Meeting_on_radar_data_processing
[ Info: Retrieving Meetings/Data_assimilation/Video_Meetings/2019/Radiance_data_assimilation
[ Info: Retrieving Meetings/Data_assimilation/Video_Meetings/2019/Retrieval_data_assimilation
[ Info: Retrieving Meetings/Dynamics
[ Info: Retrieving Meetings/EPS
[ Info: Retrieving Meetings/EPS/2019-2
[ Info: Retrieving Meetings/EPS/EPS2012-2
[ Info: Retrieving Meetings/EPS/EPS2013-1
[ Info: Retrieving Meetings/EPS/EPS2013-2-DA
[ Info: Retrieving Meetings/EPS/EPS2014-1
[ Info: Retrieving Meetings/EPS/EPS2014-2
[ Info: Retrieving Meetings/EPS/EPS2015-1
[ Info: Retrieving Meetings/EPS/EPS2015-2
[ Info: Retrieving Meetings/EPS/EPS2016-1
[ Info: Retrieving Meetings/EPS/EPS2016-2
[ Info: Retrieving Meetings/EPS/EPS2017-1
[ Info: Retrieving Meetings/EPS/EPS2017-2
[ Info: Retrieving Meetings/EPS/EPS2018-1
[ Info: Retrieving Meetings/EPS/EPS2018-2
[ Info: Retrieving Meetings/EPS/EPS2019-1
[ Info: Retrieving Meetings/EPS/EPS2019-2
[ Info: Retrieving Meetings/EPS/EPS2020-1
[ Info: Retrieving Meetings/HarmonieWorkingWeek/UseofObsandALGO201806
[ Info: Retrieving Meetings/HarmonieWorkingWeek/UseofObsandALGO201905
[ Info: Retrieving Meetings/HarmonieWorkingWeek/UseofObsandALGO201910
[ Info: Retrieving Meetings/HR
[ Info: Retrieving Meetings/HR/HR_2017_CPH
[ Info: Retrieving Meetings/HR/HR_2019_LasPalmas
[ Info: Retrieving Meetings/Member_institute_visits
[ Info: Retrieving Meetings/Member_institute_visits/HMG_visit_FMI_September_2018
[ Info: Retrieving Meetings/Member_institute_visits/HMG_visit_KNMI_August_2018
[ Info: Retrieving Meetings/Member_institute_visits/HMG_visit_METIE_March_2018
[ Info: Retrieving Meetings/Member_institute_visits/HMG_visit_METNorway_September_2017
[ Info: Retrieving Meetings/Member_institute_visits/HMG_visit_SMHI_September_2016
[ Info: Retrieving Meetings/Physics
[ Info: Retrieving Meetings/Physics/CAR2017
[ Info: Retrieving Meetings/Physics/CLOUDS2015
[ Info: Retrieving Meetings/Physics/CLOUDS2016
[ Info: Retrieving Meetings/Physics/HARMONIE_WORKSHOP
[ Info: Retrieving Meetings/Physics/Radiation201210
[ Info: Retrieving Meetings/Physics/Radiation201302
[ Info: Retrieving Meetings/Physics/Radiation201310
[ Info: Retrieving Meetings/Physics/Radiation201403
[ Info: Retrieving Meetings/Physics/Radiation201409
[ Info: Retrieving Meetings/Physics/Radiation201504
[ Info: Retrieving Meetings/Physics/Radiation201511
[ Info: Retrieving Meetings/Physics/Radiation201604
[ Info: Retrieving Meetings/Physics/Radiation201709
[ Info: Retrieving Meetings/Physics/Radiation20170905
[ Info: Retrieving Meetings/Physics/Radiation201805
[ Info: Retrieving Meetings/Quality_assurance
[ Info: Retrieving Meetings/Surface
[ Info: Retrieving Meetings/Surface/NordNWP_PGD_201710
[ Info: Retrieving Meetings/Surface/Surface201604
[ Info: Retrieving Meetings/Surface/Surface201610
[ Info: Retrieving Meetings/Surface/Surface201705
[ Info: Retrieving Meetings/Surface/Surface201709
[ Info: Retrieving Meetings/Surface/Surface201805
[ Info: Retrieving Meetings/Surface/Surface201901
[ Info: Retrieving Meetings/Surface/Surface201911
[ Info: Retrieving Meetings/Surface/Surface202005
[ Info: Retrieving Meetings/Surface/SURFACEDA201103
[ Info: Retrieving Meetings/Surface/Surface_side_meeting_Helsinki_201704
[ Info: Retrieving Meetings/Surface/Surface_side_meeting_Toulouse_201804
[ Info: Retrieving Meetings/System
[ Info: Retrieving Meetings/System/System201001
[ Info: Retrieving Meetings/System/System201004
[ Info: Retrieving Meetings/System/System201006
[ Info: Retrieving Meetings/System/System201011
[ Info: Retrieving Meetings/System/System201103
[ Info: Retrieving Meetings/System/System201106
[ Info: Retrieving Meetings/System/System201112
[ Info: Retrieving Meetings/System/System201209
[ Info: Retrieving Meetings/System/System201303
[ Info: Retrieving Meetings/System/System201309
[ Info: Retrieving Meetings/System/System201402
[ Info: Retrieving Meetings/System/System201410_bratislava
[ Info: Retrieving Meetings/System/System201411
[ Info: Retrieving Meetings/System/System201505
[ Info: Retrieving Meetings/System/System201505/MSG-init-cy40h1
[ Info: Retrieving Meetings/System/System201511
[ Info: Retrieving Meetings/System/System201612
[ Info: Retrieving Meetings/System/System201710
[ Info: Retrieving Meetings/System/System201802
[ Info: Retrieving Meetings/System/System201811
[ Info: Retrieving Meetings/System/System201906
[ Info: Retrieving Meetings/System/System201911
[ Info: Retrieving Meetings/UseofObsandALGO201812
[ Info: Retrieving Meetings/Users
[ Info: Retrieving Meetings/Users/Users201911
[ Info: Retrieving MesoscaleWorkshop2006
[ Info: Retrieving MesoscaleWorkshop2006/AAAH_status
[ Info: Retrieving MesoscaleWorkshop2006/AROME_miniwork
[ Info: Retrieving MesoscaleWorkshop2006/mesoscale_verification
[ Info: Retrieving MesoscaleWorkshop2006/Status_2006
[ Info: Retrieving metno_HIRLAM
[ Info: Retrieving MFSixtyLevel
[ Info: Retrieving Migration2Broadwell
[ Info: Retrieving Migration2cca
[ Info: Retrieving Migration2ecgb
[ Info: Retrieving MonitoringCheck/GLAMEPS
[ Info: Retrieving MUSC
[ Info: Retrieving newsnow20080508
[ Info: Retrieving NordicSurfexCourse2013
[ Info: Retrieving NordicSurfexCourse2013/ExpHydrology
[ Info: Retrieving NordicSurfexCourse2013/ExpPredefined
[ Info: Retrieving NordicSurfexCourse2013/ExpSnow
[ Info: Retrieving NordicSurfexCourse2013/ExpSodankyla
[ Info: Retrieving NordicSurfexCourse2013/ExpTEB
[ Info: Retrieving NordicSurfexCourse2013/Forcing
[ Info: Retrieving NordicSurfexCourse2013/LAKES
[ Info: Retrieving NordicSurfexCourse2013/Programme
[ Info: Retrieving NordicSurfexCourse2013/SODA
[ Info: Retrieving NordicSurfexCourse2013/ToulouseCourse
[ Info: Retrieving Nowcasting_RUC
[ Info: Retrieving NwpInventory
[ Info: Retrieving ObsImpact
[ Info: Retrieving OldNews
[ Info: Retrieving OnDuty
[ Info: Retrieving OnDuty/Helpdesk
[ Info: Retrieving OnDuty/Monitoring
[ Info: Retrieving OnDuty/MonitoringGLAMEPS
[ Info: Retrieving OOPS/Brainstorming201203
[ Info: Retrieving OOPS/C%2B%2BOOPSTraining201210
[ Info: Retrieving OOPS/KNMI_201409
[ Info: Retrieving OOPS/OopsSeminarAtECMWF200911
[ Info: Retrieving OOPS/Training201310
[ Info: Retrieving oprint
[ Info: Retrieving oprint/general
[ Info: Retrieving oprint/models
[ Info: Retrieving oprint/ObsVer
[ Info: Retrieving ororad
[ Info: Retrieving PageTemplates
[ Info: Retrieving PGD
[ Info: Retrieving PGD/Regional_Data_Sets
[ Info: Retrieving Phasing/cy38t1
[ Info: Retrieving Phasing/cy39t1
[ Info: Retrieving Phasing/cy39t1/cy39t1.02
[ Info: Retrieving Phasing/cy39t1/cy39t1.03
[ Info: Retrieving Phasing/cy39t1/cy39t1.04
[ Info: Retrieving Phasing/cy40t1
[ Info: Retrieving Phasing/cy40t1/cy40
[ Info: Retrieving Phasing/cy40t1/cy40_t1.04
[ Info: Retrieving Phasing/cy40t1/cy40t1_bf.01
[ Info: Retrieving Phasing/cy41t1
[ Info: Retrieving Phasing/cy42t1
[ Info: Retrieving Phasing/cy43t1
[ Info: Retrieving Phasing/cy45t1
[ Info: Retrieving Phasing/cy46t1
[ Info: Retrieving Phasing/cy46t1/cy46_compilation_cca_notes
[ Info: Retrieving Phasing/cy47t1
[ Info: Retrieving Phasing/cy47t1/cy47_compilation_cca_notes
[ Info: Retrieving Phasing/surfex_new_prep_hirlam
[ Info: Retrieving phys-dyn
[ Info: Retrieving ppwrk/harhir_outputlist_radia
[ Info: Retrieving ppwrk/harhir_outputlist_snow
[ Info: Retrieving ppwrk/har_outputlist_discu
[ Info: Retrieving PRECISE
[ Info: Retrieving PRECISE%20Regional%20Reanalysis
[ Info: Retrieving PRECISE/GA__Work_November2019
[ Info: Retrieving PRECISE/Workdays_April2019
[ Info: Retrieving PRECISE/Workdays_Jan2020
[ Info: Retrieving PRECISE/Workdays_June2019
[ Info: Retrieving PRECISE/Workdays_Sept2019
[ Info: Retrieving RadarWG
[ Info: Retrieving RadarWorkshopOslo2010
[ Info: Retrieving RadBranchAndCycles
[ Info: Retrieving Radiance_data_assimilation
[ Info: Retrieving Radiationgroupplan
[ Info: Retrieving RadiationPublications
[ Info: Retrieving RadiationVariables
[ Info: Retrieving RadiationWorkplan
[ Info: Retrieving RadiationWWs
[ Info: Retrieving RecentChanges
[ Info: Retrieving ReferenceSystemStatus
[ Info: Retrieving ReleaseHistory
[ Info: Retrieving ReleaseNotes/harmonie-37h1.1
[ Info: Retrieving ReleaseNotes/harmonie-37h1.2
[ Info: Retrieving ReleaseNotes/harmonie-38h1.1
[ Info: Retrieving ReleaseNotes/harmonie-38h1.2
[ Info: Retrieving ReleaseNotes/harmonie-38h1.2.beta.2
[ Info: Retrieving ReleaseNotes/harmonie-38h1.beta.2
[ Info: Retrieving ReleaseNotes/harmonie-38h1.beta.3
[ Info: Retrieving ReleaseNotes/harmonie-40h1.1
[ Info: Retrieving ReleaseNotes/harmonie-40h1.1.1
[ Info: Retrieving ReleaseNotes/harmonie-40h1.1.1.rc1
[ Info: Retrieving ReleaseNotes/harmonie-40h1.1.beta.1
[ Info: Retrieving ReleaseNotes/harmonie-40h1.1.beta.2
[ Info: Retrieving ReleaseNotes/harmonie-40h1.1.beta.3
[ Info: Retrieving ReleaseNotes/harmonie-40h1.1.beta.5
[ Info: Retrieving ReleaseNotes/harmonie-40h1.1.rc.1
[ Info: Retrieving ReleaseNotes/HarmonieSystemDocumentation/CYCLES
[ Info: Retrieving ReleaseNotes36h1.3
[ Info: Retrieving ReleaseNotes36h1.4
[ Info: Retrieving ReleaseNotes7.0
[ Info: Retrieving ReleaseNotes7.0.1
[ Info: Retrieving ReleaseNotes7.0beta1
[ Info: Retrieving ReleaseNotes7.0rc1
[ Info: Retrieving ReleaseNotes7.1
[ Info: Retrieving ReleaseNotes7.1.1
[ Info: Retrieving ReleaseNotes7.1.2
[ Info: Retrieving ReleaseNotes7.1.3
[ Info: Retrieving ReleaseNotes7.1.4
[ Info: Retrieving ReleaseNotes7.1.5
[ Info: Retrieving ReleaseNotes7.1alpha1
[ Info: Retrieving ReleaseNotes7.1alpha2
[ Info: Retrieving ReleaseNotes7.1alpha2newsnow
[ Info: Retrieving ReleaseNotes7.1alpha3
[ Info: Retrieving ReleaseNotes7.1alpha3newsnow
[ Info: Retrieving ReleaseNotes7.1beta1
[ Info: Retrieving ReleaseNotes7.1beta2
[ Info: Retrieving ReleaseNotes7.1beta3
[ Info: Retrieving ReleaseNotes7.1rc1
[ Info: Retrieving ReleaseNotes7.1rc2
[ Info: Retrieving ReleaseNotes7.2
[ Info: Retrieving ReleaseNotes7.2.1
[ Info: Retrieving ReleaseNotes7.2.2
[ Info: Retrieving ReleaseNotes7.3
[ Info: Retrieving ReleaseNotes7.4
[ Info: Retrieving ReleaseNotesHarmonie-32h2
[ Info: Retrieving ReleaseNumbering
[ Info: Retrieving ReleaseScenario
[ Info: Retrieving ReleaseStatus
[ Info: Retrieving RunningHarmonieOnDMICray
[ Info: Retrieving SAMIO
[ Info: Retrieving SandBox
[ Info: Retrieving ScientificDocumentTemplate
[ Info: Retrieving SILAM-HARMONIE-testing
[ Info: Retrieving SixteenLevel
[ Info: Retrieving SixtyfiveLevel
[ Info: Retrieving SixtyLevel
[ Info: Retrieving SixtyoneLevel
[ Info: Retrieving SMHI_HIRLAM
[ Info: Retrieving Snowteam
[ Info: Retrieving Structurefunctions
[ Info: Retrieving Surface_physis_assimilation
[ Info: Retrieving Surface_physis_assimilation/Diagnostics_development
[ Info: Retrieving Surface_physis_assimilation/DIF_versus_Force_restore
[ Info: Retrieving Surface_physis_assimilation/EKF_surface_work
[ Info: Retrieving Surface_physis_assimilation/First_cy43h_setup
[ Info: Retrieving Surface_physis_assimilation/Glacier_plans
[ Info: Retrieving Surface_physis_assimilation/LAI_modifs_for_evaporation
[ Info: Retrieving Surface_physis_assimilation/MESCAN_tests
[ Info: Retrieving Surface_physis_assimilation/New_SURFEX_options_cy43h
[ Info: Retrieving Surface_physis_assimilation/ORO_development
[ Info: Retrieving Surface_physis_assimilation/Parameter_calibration_ISBA
[ Info: Retrieving Surface_physis_assimilation/pgd_ecoclimap_work
[ Info: Retrieving Surface_physis_assimilation/Satellite_list
[ Info: Retrieving Surface_physis_assimilation/Sea_wave_modelling
[ Info: Retrieving Surface_physis_assimilation/Snow_assimilation_plans
[ Info: Retrieving Surface_physis_assimilation/Surface_assimilation_people
[ Info: Retrieving Surface_physis_assimilation/Surface_status_August_2018
[ Info: Retrieving Surface_physis_assimilation/Surface_status_January_2017
[ Info: Retrieving Surface_physis_assimilation/Surface_status_January_2018
[ Info: Retrieving Surface_physis_assimilation/Surface_status_January_2019
[ Info: Retrieving Surface_physis_assimilation/Surface_status_March_2017
[ Info: Retrieving Surface_physis_assimilation/Surface_status_May_2017
[ Info: Retrieving Surface_physis_assimilation/Surface_status_May_2019
[ Info: Retrieving Surface_physis_assimilation/Surface_status_November_2016
[ Info: Retrieving Surface_physis_assimilation/Surface_status_October_2018
[ Info: Retrieving Surface_physis_assimilation/Surface_status_September_2016
[ Info: Retrieving Surface_physis_assimilation/Surface_status_September_2017
[ Info: Retrieving Surface_physis_assimilation/Surface_status_September_2019
[ Info: Retrieving Surface_physis_assimilation/SURFEX_after_cy43t
[ Info: Retrieving Surface_physis_assimilation/SURFEX-ice
[ Info: Retrieving Surface_physis_assimilation/TEB_development
[ Info: Retrieving Surface_physis_assimilation/Two_patches_development
[ Info: Retrieving Surface_physis_assimilation/XRIMAX_docu
[ Info: Retrieving SURFEX-LPJ-GUESS
[ Info: Retrieving SvnQA
[ Info: Retrieving SystemOnly
[ Info: Retrieving SystemOnly/Git
[ Info: Retrieving SystemOnly/NewWebServer
[ Info: Retrieving SystemOnly/NewWebServer/Apache
[ Info: Retrieving SystemOnly/NewWebServer/Git
[ Info: Retrieving SystemOnly/NewWebServer/Joomla
[ Info: Retrieving SystemOnly/NewWebServer/Mailman
[ Info: Retrieving SystemOnly/NewWebServer/Shiny
[ Info: Retrieving SystemOnly/NewWebServer/ShinyServer
[ Info: Retrieving SystemOnly/NewWebServer/Subversion
[ Info: Retrieving SystemOnly/NewWebServer/TracWiki
[ Info: Retrieving SystemOnly/WebServer
[ Info: Retrieving SystemOnly/WebServer/Apache
[ Info: Retrieving SystemOnly/WebServer/Mailman
[ Info: Retrieving SystemOnly/WebServer/Shiny
[ Info: Retrieving SystemOnly/WebServer/Subversion
[ Info: Retrieving SystemOnly/WebServer/TracWiki
[ Info: Retrieving SystemWorkingmeeting200704
[ Info: Retrieving SystemWorkingmeeting200709
[ Info: Retrieving SystemWorkingmeeting200709/HARMONIE_realtime_suites_review
[ Info: Retrieving SystemWorkingmeeting200709/HARMONIE_system_repository_review
[ Info: Retrieving SystemWorkshop2006
[ Info: Retrieving SystemWorkshop2006/3D-VAR
[ Info: Retrieving SystemWorkshop2006/4D-VAR
[ Info: Retrieving SystemWorkshop2006/Climate
[ Info: Retrieving SystemWorkshop2006/InitializationAndCoupling
[ Info: Retrieving SystemWorkshop2006/MiniSMS
[ Info: Retrieving SystemWorkshop2006/SurfaceAnalysis
[ Info: Retrieving SystemWorkshop2006/Verification
[ Info: Retrieving test/NewPage
[ Info: Retrieving test/TestPage
[ Info: Retrieving TestEvaluation7.0
[ Info: Retrieving TestNewWikiOrganization
[ Info: Retrieving ThirtyoneLevel
[ Info: Retrieving TicketQuery
[ Info: Retrieving TipsReminders
[ Info: Retrieving TitleIndex
[ Info: Retrieving ToolsUtilities
[ Info: Retrieving ToolsUtilities/ECMWF/SytemBillingUnits
[ Info: Retrieving ToolsUtilities/TextEditing/HighlightTDF
[ Info: Retrieving TOON_HIRLAM
[ Info: Retrieving TracAccessibility
[ Info: Retrieving TracAdmin
[ Info: Retrieving TracBackup
[ Info: Retrieving TracBatchModify
[ Info: Retrieving TracBrowser
[ Info: Retrieving TracCgi
[ Info: Retrieving TracChangeLog
[ Info: Retrieving TracChangeset
[ Info: Retrieving TracEnvironment
[ Info: Retrieving TracFastCgi
[ Info: Retrieving TracFineGrainedPermissions
[ Info: Retrieving TracGuide
[ Info: Retrieving TracImport
[ Info: Retrieving TracIni
[ Info: Retrieving TracInstall
[ Info: Retrieving TracInterfaceCustomization
[ Info: Retrieving TracLinks
[ Info: Retrieving TracLogging
[ Info: Retrieving TracModPython
[ Info: Retrieving TracModWSGI
[ Info: Retrieving TracNavigation
[ Info: Retrieving TracNotification
[ Info: Retrieving TracPermissions
[ Info: Retrieving TracPlugins
[ Info: Retrieving TracQuery
[ Info: Retrieving TracReports
[ Info: Retrieving TracRepositoryAdmin
[ Info: Retrieving TracRevisionLog
[ Info: Retrieving TracRoadmap
[ Info: Retrieving TracRss
[ Info: Retrieving TracSearch
[ Info: Retrieving TracStandalone
[ Info: Retrieving TracSupport
[ Info: Retrieving TracSyntaxColoring
[ Info: Retrieving TracTickets
[ Info: Retrieving TracTicketsCustomFields
[ Info: Retrieving TracTimeline
[ Info: Retrieving TracUnicode
[ Info: Retrieving TracUpgrade
[ Info: Retrieving TracWiki
[ Info: Retrieving TracWorkflow
[ Info: Retrieving Training/HarmonieSystemTraining2008
[ Info: Retrieving Training/HarmonieSystemTraining2008/Lecture/CommonMonitoring
[ Info: Retrieving Training/HarmonieSystemTraining2008/Lecture/CommonMonitoring%3A
[ Info: Retrieving Training/HarmonieSystemTraining2008/Lecture/DAdataflow
[ Info: Retrieving Training/HarmonieSystemTraining2008/Lecture/DomainAndCoupling
[ Info: Retrieving Training/HarmonieSystemTraining2008/Lecture/Forecast
[ Info: Retrieving Training/HarmonieSystemTraining2008/Lecture/General
[ Info: Retrieving Training/HarmonieSystemTraining2008/Lecture/Installation
[ Info: Retrieving Training/HarmonieSystemTraining2008/Lecture/JbStatistics
[ Info: Retrieving Training/HarmonieSystemTraining2008/Lecture/JbStatistics%3A
[ Info: Retrieving Training/HarmonieSystemTraining2008/Lecture/JobControl
[ Info: Retrieving Training/HarmonieSystemTraining2008/Lecture/LocalInstallation
[ Info: Retrieving Training/HarmonieSystemTraining2008/Lecture/ObsHandling
[ Info: Retrieving Training/HarmonieSystemTraining2008/Lecture/ObsMonitoringDiagnosis
[ Info: Retrieving Training/HarmonieSystemTraining2008/Lecture/ObsMonitoringDiagnosis%3A
[ Info: Retrieving Training/HarmonieSystemTraining2008/Lecture/Opening
[ Info: Retrieving Training/HarmonieSystemTraining2008/Lecture/PostppVerification
[ Info: Retrieving Training/HarmonieSystemTraining2008/Lecture/SourceCode
[ Info: Retrieving Training/HarmonieSystemTraining2008/Lecture/SurfaceAssimilation
[ Info: Retrieving Training/HarmonieSystemTraining2008/Lecture/WikiAuthoring
[ Info: Retrieving Training/HarmonieSystemTraining2008/Tasklist
[ Info: Retrieving Training/HarmonieSystemTraining2008/Trainin/DataAssimilation
[ Info: Retrieving Training/HarmonieSystemTraining2008/Training/DataAssimilation
[ Info: Retrieving Training/HarmonieSystemTraining2008/Training/DomainAndCoupling
[ Info: Retrieving Training/HarmonieSystemTraining2008/Training/Forecast
[ Info: Retrieving Training/HarmonieSystemTraining2008/Training/Installation
[ Info: Retrieving Training/HarmonieSystemTraining2008/Training/JobControl
[ Info: Retrieving Training/HarmonieSystemTraining2008/Training/LocalInstallation
[ Info: Retrieving Training/HarmonieSystemTraining2008/Training/PostppVerification
[ Info: Retrieving Training/HarmonieSystemTraining2008/Training/SourceCode
[ Info: Retrieving Training/HarmonieSystemTraining2008/Training/WikiAuthoring
[ Info: Retrieving Training/HarmonieSystemTraining2011
[ Info: Retrieving Training/HarmonieSystemTraining2011/Agenda
[ Info: Retrieving Training/HarmonieSystemTraining2011/Exercises
[ Info: Retrieving Training/HarmonieSystemTraining2011/Lecture/Installation
[ Info: Retrieving Training/HarmonieSystemTraining2011/Lecture/Installation/Archiving
[ Info: Retrieving Training/HarmonieSystemTraining2011/Lecture/Installation/Building
[ Info: Retrieving Training/HarmonieSystemTraining2011/Lecture/Installation/ConfFiles
[ Info: Retrieving Training/HarmonieSystemTraining2011/Lecture/Installation/ConfFilesExp
[ Info: Retrieving Training/HarmonieSystemTraining2011/Lecture/Installation/ConstFiles
[ Info: Retrieving Training/HarmonieSystemTraining2011/Lecture/Installation/GridDepFiles
[ Info: Retrieving Training/HarmonieSystemTraining2011/Lecture/Installation/InputFiles
[ Info: Retrieving Training/HarmonieSystemTraining2011/Lecture/Installation/LocalChanges
[ Info: Retrieving Training/HarmonieSystemTraining2011/Lecture/Installation/LogFiles
[ Info: Retrieving Training/HarmonieSystemTraining2011/Lecture/Installation/ModelOutput
[ Info: Retrieving Training/HarmonieSystemTraining2011/Lecture/Installation/OnError
[ Info: Retrieving Training/HarmonieSystemTraining2011/Lecture/Installation/PreqHard
[ Info: Retrieving Training/HarmonieSystemTraining2011/Lecture/Installation/PreqSoft
[ Info: Retrieving Training/HarmonieSystemTraining2012
[ Info: Retrieving Training/HarmonieSystemTraining2014
[ Info: Retrieving Training/HarmonieSystemTraining2015
[ Info: Retrieving Training/HarmonieSystemTraining2016
[ Info: Retrieving Training/HarmonieSystemTraining2016/EPyGrAM
[ Info: Retrieving Training/HarmonieSystemTraining2016/Exercises
[ Info: Retrieving trunkmonitoring
[ Info: Retrieving Upper_air_physics
[ Info: Retrieving ValidationTests
[ Info: Retrieving VeryFineResolution
[ Info: Retrieving WikiDeletePage
[ Info: Retrieving WikiFormatting
[ Info: Retrieving WikiHtml
[ Info: Retrieving WikiMacros
[ Info: Retrieving WikiNewPage
[ Info: Retrieving WikiPageNames
[ Info: Retrieving WikiProcessors
[ Info: Retrieving WikiRestructuredText
[ Info: Retrieving WikiRestructuredTextLinks
[ Info: Retrieving WikiStart
[ Info: Retrieving WikiTricks
